<?xml version="1.0" encoding="UTF-8"?>
<!-- Generated by org.testng.reporters.JUnitReportReporter -->
<testsuite hostname="DESKTOP-7PTRHU1" failures="0" tests="3" name="our_project_name.tests.LoginTest" time="9.591" errors="0" timestamp="2022-04-26T18:48:09 IST" skipped="0">
  <testcase classname="our_project_name.tests.LoginTest" name="verifyLoginSuccessWithValidCreds" time="2.397"/>
  <system-out/>
  <testcase classname="our_project_name.tests.LoginTest" name="verifyLoginFailureWithInvalidUsername" time="5.052"/>
  <system-out/>
  <testcase classname="our_project_name.tests.LoginTest" name="verifyLoginFailureWithInvalidPassword" time="2.142"/>
  <system-out/>
</testsuite> <!-- our_project_name.tests.LoginTest -->
