<?xml version="1.0" encoding="UTF-8"?>
<!-- Generated by org.testng.reporters.JUnitReportReporter -->
<testsuite hostname="DESKTOP-7PTRHU1" failures="0" tests="3" name="our_project_name.tests.SearchTest" time="6.886" errors="0" timestamp="2022-04-26T18:48:09 IST" skipped="0">
  <testcase classname="our_project_name.tests.SearchTest" name="verifyLoginFailureWithInvalidUsername" time="2.264"/>
  <system-out/>
  <testcase classname="our_project_name.tests.SearchTest" name="verifyLoginFailureWithInvalidPassword" time="2.361"/>
  <system-out/>
  <testcase classname="our_project_name.tests.SearchTest" name="verifyLoginSuccessWithValidCreds" time="2.261"/>
  <system-out/>
</testsuite> <!-- our_project_name.tests.SearchTest -->
